<?xml version="1.0" encoding="UTF-8"?>
<!-- Generated by org.testng.reporters.JUnitReportReporter -->
<testsuite hostname="SennaByte" failures="0" tests="3" name="com.tests.SearchProductsTest" time="4.722" errors="0" timestamp="2025-09-08T11:55:36 IST" skipped="0">
  <testcase classname="com.tests.SearchProductsTest" name="verifyHomePageIsVisible" time="0.028"/>
  <testcase classname="com.tests.SearchProductsTest" name="verifyAllProductsPageIsVisible" time="3.375"/>
  <testcase classname="com.tests.SearchProductsTest" name="verifySearchFunctionality" time="1.319"/>
</testsuite> <!-- com.tests.SearchProductsTest -->
