<?xml version="1.0" encoding="UTF-8"?>
<!-- Generated by org.testng.reporters.JUnitReportReporter -->
<testsuite hostname="SennaByte" failures="0" tests="2" name="com.tests.VerifyTestCaseTest" time="3.840" errors="0" timestamp="2025-09-08T11:55:36 IST" skipped="0">
  <testcase classname="com.tests.VerifyTestCaseTest" name="verifyHomePageIsVisible" time="0.007"/>
  <testcase classname="com.tests.VerifyTestCaseTest" name="verifyTestCasesNavigation" time="3.833"/>
</testsuite> <!-- com.tests.VerifyTestCaseTest -->
