<?xml version="1.0" encoding="UTF-8"?>
<!-- Generated by org.testng.reporters.JUnitReportReporter -->
<testsuite hostname="SennaByte" failures="0" tests="1" name="com.TestRunner.RegistrationRunner" time="16.914" errors="0" timestamp="2025-09-08T11:55:36 IST" skipped="0">
  <testcase classname="com.TestRunner.RegistrationRunner" name="runScenario" time="16.914"/>
</testsuite> <!-- com.TestRunner.RegistrationRunner -->
