<?xml version="1.0" encoding="UTF-8"?>
<!-- Generated by org.testng.reporters.JUnitReportReporter -->
<testsuite hostname="SennaByte" failures="0" tests="2" name="com.TestRunner.LoginRunner" time="7.885" errors="0" timestamp="2025-09-08T04:56:34 IST" skipped="0">
  <testcase classname="com.TestRunner.LoginRunner" name="runScenario" time="1.575"/>
  <testcase classname="com.TestRunner.LoginRunner" name="runScenario" time="6.310"/>
</testsuite> <!-- com.TestRunner.LoginRunner -->
