<?xml version="1.0" encoding="UTF-8"?>
<!-- Generated by org.testng.reporters.JUnitReportReporter -->
<testsuite hostname="SennaByte" failures="0" tests="1" name="com.TestRunner.LogoutRunner" time="5.281" errors="0" timestamp="2025-09-08T11:55:36 IST" skipped="0">
  <testcase classname="com.TestRunner.LogoutRunner" name="runScenario" time="5.281"/>
</testsuite> <!-- com.TestRunner.LogoutRunner -->
