<?xml version="1.0" encoding="UTF-8"?>
<!-- Generated by org.testng.reporters.JUnitReportReporter -->
<testsuite hostname="SennaByte" failures="0" tests="2" name="com.TestRunner.LoginRunner" time="7.373" errors="0" timestamp="2025-09-08T11:55:36 IST" skipped="0">
  <testcase classname="com.TestRunner.LoginRunner" name="runScenario" time="5.155"/>
  <testcase classname="com.TestRunner.LoginRunner" name="runScenario" time="2.218"/>
</testsuite> <!-- com.TestRunner.LoginRunner -->
