<?xml version="1.0" encoding="UTF-8"?>
<!-- Generated by org.testng.reporters.JUnitReportReporter -->
<testsuite hostname="SennaByte" failures="0" tests="2" name="com.tests.SubscriptionCartTest" time="5.149" errors="0" timestamp="2025-09-08T11:55:36 IST" skipped="0">
  <testcase classname="com.tests.SubscriptionCartTest" name="verifyHomePageIsVisible" time="0.041"/>
  <testcase classname="com.tests.SubscriptionCartTest" name="verifySubscriptionFlow" time="5.108"/>
</testsuite> <!-- com.tests.SubscriptionCartTest -->
