<?xml version="1.0" encoding="UTF-8"?>
<!-- Generated by org.testng.reporters.JUnitReportReporter -->
<testsuite hostname="SennaByte" failures="0" tests="3" name="com.tests.ExistingRegistrationTest" time="2.985" errors="0" timestamp="2025-09-08T11:55:36 IST" skipped="0">
  <testcase classname="com.tests.ExistingRegistrationTest" name="verifyHomePageVisible" time="0.011"/>
  <testcase classname="com.tests.ExistingRegistrationTest" name="clickSignupAndVerifyNewUserSignup" time="1.717"/>
  <testcase classname="com.tests.ExistingRegistrationTest" name="registerWithExistingEmailAndVerifyError" time="1.257"/>
</testsuite> <!-- com.tests.ExistingRegistrationTest -->
