<?xml version="1.0" encoding="UTF-8"?>
<!-- Generated by org.testng.reporters.JUnitReportReporter -->
<testsuite hostname="SennaByte" failures="0" tests="2" name="com.tests.AddToCartTest" time="13.467" errors="0" timestamp="2025-09-08T11:55:36 IST" skipped="0">
  <testcase classname="com.tests.AddToCartTest" name="verifyHomePageIsVisible" time="0.026"/>
  <testcase classname="com.tests.AddToCartTest" name="verifyAddToCartFlow" time="13.441"/>
</testsuite> <!-- com.tests.AddToCartTest -->
