<?xml version="1.0" encoding="UTF-8"?>
<!-- Generated by org.testng.reporters.JUnitReportReporter -->
<testsuite hostname="SennaByte" failures="0" tests="1" name="com.TestRunner.LogoutRunner" time="8.039" errors="0" timestamp="2025-09-08T04:56:34 IST" skipped="0">
  <testcase classname="com.TestRunner.LogoutRunner" name="runScenario" time="8.039"/>
</testsuite> <!-- com.TestRunner.LogoutRunner -->
